Traceback (most recent call last):
  File "C:\Users\chjch\AppData\Local\ESRI\conda\envs\arcpro-py3-clone\lib\site-packages\jupyter_cache\executors\utils.py", line 51, in single_nb_execution
    executenb(
  File "C:\Users\chjch\AppData\Local\ESRI\conda\envs\arcpro-py3-clone\lib\site-packages\nbclient\client.py", line 1204, in execute
    return NotebookClient(nb=nb, resources=resources, km=km, **kwargs).execute()
  File "C:\Users\chjch\AppData\Local\ESRI\conda\envs\arcpro-py3-clone\lib\site-packages\nbclient\util.py", line 84, in wrapped
    return just_run(coro(*args, **kwargs))
  File "C:\Users\chjch\AppData\Local\ESRI\conda\envs\arcpro-py3-clone\lib\site-packages\nbclient\util.py", line 62, in just_run
    return loop.run_until_complete(coro)
  File "C:\Users\chjch\AppData\Local\ESRI\conda\envs\arcpro-py3-clone\lib\asyncio\base_events.py", line 647, in run_until_complete
    return future.result()
  File "C:\Users\chjch\AppData\Local\ESRI\conda\envs\arcpro-py3-clone\lib\site-packages\nbclient\client.py", line 663, in async_execute
    await self.async_execute_cell(
  File "C:\Users\chjch\AppData\Local\ESRI\conda\envs\arcpro-py3-clone\lib\site-packages\nbclient\client.py", line 965, in async_execute_cell
    await self._check_raise_for_error(cell, cell_index, exec_reply)
  File "C:\Users\chjch\AppData\Local\ESRI\conda\envs\arcpro-py3-clone\lib\site-packages\nbclient\client.py", line 862, in _check_raise_for_error
    raise CellExecutionError.from_cell_and_msg(cell, exec_reply_content)
nbclient.exceptions.CellExecutionError: An error occurred while executing the following cell:
------------------
import arcpy

gdb_worksp = r"..\data\class_data.gdb"
arcpy.env.workspace = gdb_worksp
school_fc = "schools"

school_arr = arcpy.da.FeatureClassToNumPyArray(school_fc, '*') # use '*' to get all fields
------------------

[1;31m---------------------------------------------------------------------------[0m
[1;31mRuntimeError[0m                              Traceback (most recent call last)
[1;32m<ipython-input-23-d8401c6bd65e>[0m in [0;36m<module>[1;34m[0m
[0;32m      5[0m [0mschool_fc[0m [1;33m=[0m [1;34m"schools"[0m[1;33m[0m[1;33m[0m[0m
[0;32m      6[0m [1;33m[0m[0m
[1;32m----> 7[1;33m [0mschool_arr[0m [1;33m=[0m [0marcpy[0m[1;33m.[0m[0mda[0m[1;33m.[0m[0mFeatureClassToNumPyArray[0m[1;33m([0m[0mschool_fc[0m[1;33m,[0m [1;34m'*'[0m[1;33m)[0m [1;31m# use '*' to get all fields[0m[1;33m[0m[1;33m[0m[0m
[0m
[1;31mRuntimeError[0m: cannot open 'schools'
RuntimeError: cannot open 'schools'

