Traceback (most recent call last):
  File "C:\Users\chjch\AppData\Local\ESRI\conda\envs\arcpro-py3-clone\lib\site-packages\jupyter_cache\executors\utils.py", line 51, in single_nb_execution
    executenb(
  File "C:\Users\chjch\AppData\Local\ESRI\conda\envs\arcpro-py3-clone\lib\site-packages\nbclient\client.py", line 1204, in execute
    return NotebookClient(nb=nb, resources=resources, km=km, **kwargs).execute()
  File "C:\Users\chjch\AppData\Local\ESRI\conda\envs\arcpro-py3-clone\lib\site-packages\nbclient\util.py", line 84, in wrapped
    return just_run(coro(*args, **kwargs))
  File "C:\Users\chjch\AppData\Local\ESRI\conda\envs\arcpro-py3-clone\lib\site-packages\nbclient\util.py", line 62, in just_run
    return loop.run_until_complete(coro)
  File "C:\Users\chjch\AppData\Local\ESRI\conda\envs\arcpro-py3-clone\lib\asyncio\base_events.py", line 647, in run_until_complete
    return future.result()
  File "C:\Users\chjch\AppData\Local\ESRI\conda\envs\arcpro-py3-clone\lib\site-packages\nbclient\client.py", line 663, in async_execute
    await self.async_execute_cell(
  File "C:\Users\chjch\AppData\Local\ESRI\conda\envs\arcpro-py3-clone\lib\site-packages\nbclient\client.py", line 965, in async_execute_cell
    await self._check_raise_for_error(cell, cell_index, exec_reply)
  File "C:\Users\chjch\AppData\Local\ESRI\conda\envs\arcpro-py3-clone\lib\site-packages\nbclient\client.py", line 862, in _check_raise_for_error
    raise CellExecutionError.from_cell_and_msg(cell, exec_reply_content)
nbclient.exceptions.CellExecutionError: An error occurred while executing the following cell:
------------------
# setup workspace
import arcpy
gdb_worksp = r"..\data\class_data.gdb"
arcpy.env.workspace = gdb_worksp

# setup input feature classes
# Access soft-coded parameter
I75 = arcpy.GetParameterAsText(1)
blkgrp = arcpy.GetParameterAsText(0)
cntbnd = arcpy.GetParameterAsText(2)
lawenforce = arcpy.GetParameterAsText(3)

# setup output feature
output_gdb = arcpy.GetParameterAsText(4)
blkgrp_select = arcpy.GetParameterAsText(5)
I75_buff = output_gdb + "\\" + "I75_Buff"
blkgrp_law = output_gdb + "\\" + "blkgrp_law"

# geoprocessing operations 
arcpy.Buffer_analysis(I75, I75_buff, "6 Miles")
arcpy.AddMessage("Finished buffer {}".format(I75))

blkgrp_lyr_1 = arcpy.SelectLayerByLocation_management(
    blkgrp, "WITHIN", cntbnd
)
blkgrp_lyr_2 = arcpy.SelectLayerByLocation_management(
    blkgrp_lyr_1, "WITHIN", I75_buff
)
arcpy.AddMessage("Finished Select by location.")

arcpy.SpatialJoin_analysis(
    blkgrp_lyr_2, lawenforce, blkgrp_law, 
    "JOIN_ONE_TO_ONE", "KEEP_ALL", "", "INTERSECT", "", ""
)
arcpy.AddMessage("Finished creating {}".format(blkgrp_law))

query_exp = "{} = 0".format('"Join_Count"')
arcpy.FeatureClassToFeatureClass_conversion(
    blkgrp_law, output_gdb, blkgrp_select, query_exp, "", ""
)
arcpy.AddMessage("All tasks are completed.")
------------------

[1;31m---------------------------------------------------------------------------[0m
[1;31mExecuteError[0m                              Traceback (most recent call last)
[1;32m<ipython-input-1-8357bf37a661>[0m in [0;36m<module>[1;34m[0m
[0;32m     18[0m [1;33m[0m[0m
[0;32m     19[0m [1;31m# geoprocessing operations[0m[1;33m[0m[1;33m[0m[0m
[1;32m---> 20[1;33m [0marcpy[0m[1;33m.[0m[0mBuffer_analysis[0m[1;33m([0m[0mI75[0m[1;33m,[0m [0mI75_buff[0m[1;33m,[0m [1;34m"6 Miles"[0m[1;33m)[0m[1;33m[0m[1;33m[0m[0m
[0m[0;32m     21[0m [0marcpy[0m[1;33m.[0m[0mAddMessage[0m[1;33m([0m[1;34m"Finished buffer {}"[0m[1;33m.[0m[0mformat[0m[1;33m([0m[0mI75[0m[1;33m)[0m[1;33m)[0m[1;33m[0m[1;33m[0m[0m
[0;32m     22[0m [1;33m[0m[0m

[1;32mC:\Program Files\ArcGIS\Pro\Resources\ArcPy\arcpy\analysis.py[0m in [0;36mBuffer[1;34m(in_features, out_feature_class, buffer_distance_or_field, line_side, line_end_type, dissolve_option, dissolve_field, method)[0m
[0;32m   1369[0m         [1;32mreturn[0m [0mretval[0m[1;33m[0m[1;33m[0m[0m
[0;32m   1370[0m     [1;32mexcept[0m [0mException[0m [1;32mas[0m [0me[0m[1;33m:[0m[1;33m[0m[1;33m[0m[0m
[1;32m-> 1371[1;33m         [1;32mraise[0m [0me[0m[1;33m[0m[1;33m[0m[0m
[0m[0;32m   1372[0m [1;33m[0m[0m
[0;32m   1373[0m [1;33m@[0m[0mgptooldoc[0m[1;33m([0m[1;34m'CreateThiessenPolygons_analysis'[0m[1;33m,[0m [1;32mNone[0m[1;33m)[0m[1;33m[0m[1;33m[0m[0m

[1;32mC:\Program Files\ArcGIS\Pro\Resources\ArcPy\arcpy\analysis.py[0m in [0;36mBuffer[1;34m(in_features, out_feature_class, buffer_distance_or_field, line_side, line_end_type, dissolve_option, dissolve_field, method)[0m
[0;32m   1366[0m     [1;32mfrom[0m [0marcpy[0m[1;33m.[0m[0marcobjects[0m[1;33m.[0m[0marcobjectconversion[0m [1;32mimport[0m [0mconvertArcObjectToPythonObject[0m[1;33m[0m[1;33m[0m[0m
[0;32m   1367[0m     [1;32mtry[0m[1;33m:[0m[1;33m[0m[1;33m[0m[0m
[1;32m-> 1368[1;33m         [0mretval[0m [1;33m=[0m [0mconvertArcObjectToPythonObject[0m[1;33m([0m[0mgp[0m[1;33m.[0m[0mBuffer_analysis[0m[1;33m([0m[1;33m*[0m[0mgp_fixargs[0m[1;33m([0m[1;33m([0m[0min_features[0m[1;33m,[0m [0mout_feature_class[0m[1;33m,[0m [0mbuffer_distance_or_field[0m[1;33m,[0m [0mline_side[0m[1;33m,[0m [0mline_end_type[0m[1;33m,[0m [0mdissolve_option[0m[1;33m,[0m [0mdissolve_field[0m[1;33m,[0m [0mmethod[0m[1;33m)[0m[1;33m,[0m [1;32mTrue[0m[1;33m)[0m[1;33m)[0m[1;33m)[0m[1;33m[0m[1;33m[0m[0m
[0m[0;32m   1369[0m         [1;32mreturn[0m [0mretval[0m[1;33m[0m[1;33m[0m[0m
[0;32m   1370[0m     [1;32mexcept[0m [0mException[0m [1;32mas[0m [0me[0m[1;33m:[0m[1;33m[0m[1;33m[0m[0m

[1;32mC:\Program Files\ArcGIS\Pro\Resources\ArcPy\arcpy\geoprocessing\_base.py[0m in [0;36m<lambda>[1;34m(*args)[0m
[0;32m    510[0m         [0mval[0m [1;33m=[0m [0mgetattr[0m[1;33m([0m[0mself[0m[1;33m.[0m[0m_gp[0m[1;33m,[0m [0mattr[0m[1;33m)[0m[1;33m[0m[1;33m[0m[0m
[0;32m    511[0m         [1;32mif[0m [0mcallable[0m[1;33m([0m[0mval[0m[1;33m)[0m[1;33m:[0m[1;33m[0m[1;33m[0m[0m
[1;32m--> 512[1;33m             [1;32mreturn[0m [1;32mlambda[0m [1;33m*[0m[0margs[0m[1;33m:[0m [0mval[0m[1;33m([0m[1;33m*[0m[0mgp_fixargs[0m[1;33m([0m[0margs[0m[1;33m,[0m [1;32mTrue[0m[1;33m)[0m[1;33m)[0m[1;33m[0m[1;33m[0m[0m
[0m[0;32m    513[0m         [1;32melse[0m[1;33m:[0m[1;33m[0m[1;33m[0m[0m
[0;32m    514[0m             [1;32mreturn[0m [0mconvertArcObjectToPythonObject[0m[1;33m([0m[0mval[0m[1;33m)[0m[1;33m[0m[1;33m[0m[0m

[1;31mExecuteError[0m: Failed to execute. Parameters are not valid.
ERROR 000732: Input Features: Dataset C:\Users\chjch\AppData\Local\Temp\tmp9fo8xtum.json does not exist or is not supported
Failed to execute (Buffer).

ExecuteError: Failed to execute. Parameters are not valid.
ERROR 000732: Input Features: Dataset C:\Users\chjch\AppData\Local\Temp\tmp9fo8xtum.json does not exist or is not supported
Failed to execute (Buffer).


